debug: Sun, 05 Mar 2023 14:17:01 GMT
debug: Project: D:\Documents\2d-game-cocos-creator-v.3-main\2d-game-cocos-creator-v.3-main
debug: Targets: editor,preview
debug: [PackerDriver] Options doesn't match.
Last: {
  "version": "19",
  "config": {
    "useDefineForClassFields": true,
    "allowDeclareFields": true,
    "loose": true,
    "exportsConditions": [
      "browser"
    ],
    "guessCommonJsExports": false
  }
}
Current: {
  "version": "8",
  "config": {
    "useDefineForClassFields": true,
    "allowDeclareFields": true,
    "loose": true,
    "guessCommonJsExports": false
  }
}
debug: Clearing out the targets...
debug: Engine path: D:\CocosDashboard\resources\.editors\Creator\3.7.1\resources\resources\3d\engine
debug: Initializing target [Editor]
debug: Loading cache
debug: Record file loaded failed with error: Error: ENOENT: no such file or directory, open 'D:\Documents\2d-game-cocos-creator-v.3-main\2d-game-cocos-creator-v.3-main\temp\programming\packer-driver\targets\editor\main-record.json'
debug: Loading cache costs 0.47720000008121133ms.
debug: Engine features shipped in editor: base,gfx-webgl,gfx-webgl2,gfx-empty,3d,animation,skeletal-animation,2d,ui,particle,particle-2d,physics-framework,physics-2d-framework,intersection-2d,primitive,profiler,occlusion-query,geometry-renderer,debug-renderer,audio,video,xr,light-probe,terrain,webview,tween,tiled-map,spine,dragon-bones,marionette,custom-pipeline,websocket,websocket-server
debug: Our import map(foo:/bar): {
  "imports": {
    "cc": "cce:/internal/x/cc"
  }
}
debug: Initializing target [Preview]
debug: Loading cache
debug: Record file loaded failed with error: Error: ENOENT: no such file or directory, open 'D:\Documents\2d-game-cocos-creator-v.3-main\2d-game-cocos-creator-v.3-main\temp\programming\packer-driver\targets\preview\main-record.json'
debug: Loading cache costs 0.4856999998446554ms.
debug: Our import map(foo:/bar): {
  "imports": {
    "cc": "cce:/internal/x/cc"
  }
}
debug: Sync engine features: 2d,3d,animation,audio,base,dragon-bones,gfx-webgl,gfx-webgl2,intersection-2d,light-probe,marionette,particle,particle-2d,physics-2d-box2d,physics-ammo,primitive,profiler,skeletal-animation,spine,terrain,tiled-map,tween,ui,video,websocket,webview
debug: Reset databases. Enumerated domains: [
  {
    "root": "db://internal/",
    "physical": "D:\\CocosDashboard\\resources\\.editors\\Creator\\3.7.1\\resources\\resources\\3d\\engine\\editor\\assets"
  },
  {
    "root": "db://assets/",
    "physical": "D:\\Documents\\2d-game-cocos-creator-v.3-main\\2d-game-cocos-creator-v.3-main\\assets"
  }
]
debug: Our import map(foo:/bar): {
  "imports": {
    "cc": "cce:/internal/x/cc",
    "db://internal/": "file:///D:/CocosDashboard/resources/.editors/Creator/3.7.1/resources/resources/3d/engine/editor/assets/",
    "db://assets/": "file:///D:/Documents/2d-game-cocos-creator-v.3-main/2d-game-cocos-creator-v.3-main/assets/"
  }
}
debug: Our import map(foo:/bar): {
  "imports": {
    "cc": "cce:/internal/x/cc",
    "db://internal/": "file:///D:/CocosDashboard/resources/.editors/Creator/3.7.1/resources/resources/3d/engine/editor/assets/",
    "db://assets/": "file:///D:/Documents/2d-game-cocos-creator-v.3-main/2d-game-cocos-creator-v.3-main/assets/"
  }
}
debug: Pulling asset-db.
debug: Fetch asset-db cost: 49.09869999997318ms.
debug: Build iteration starts.
Number of accumulated asset changes: 2
Feature changed: false
debug: Target(editor) build started.
debug: Inspect cce:/internal/x/cc
debug: Resolve cce:/internal/x/cc-fu/base from cce:/internal/x/cc as external dependency cce:/internal/x/cc-fu/base.
debug: Resolve cce:/internal/x/cc-fu/gfx-webgl from cce:/internal/x/cc as external dependency cce:/internal/x/cc-fu/gfx-webgl.
debug: Resolve cce:/internal/x/cc-fu/gfx-webgl2 from cce:/internal/x/cc as external dependency cce:/internal/x/cc-fu/gfx-webgl2.
debug: Resolve cce:/internal/x/cc-fu/gfx-empty from cce:/internal/x/cc as external dependency cce:/internal/x/cc-fu/gfx-empty.
debug: Resolve cce:/internal/x/cc-fu/3d from cce:/internal/x/cc as external dependency cce:/internal/x/cc-fu/3d.
debug: Resolve cce:/internal/x/cc-fu/animation from cce:/internal/x/cc as external dependency cce:/internal/x/cc-fu/animation.
debug: Resolve cce:/internal/x/cc-fu/skeletal-animation from cce:/internal/x/cc as external dependency cce:/internal/x/cc-fu/skeletal-animation.
debug: Resolve cce:/internal/x/cc-fu/2d from cce:/internal/x/cc as external dependency cce:/internal/x/cc-fu/2d.
debug: Resolve cce:/internal/x/cc-fu/sorting from cce:/internal/x/cc as external dependency cce:/internal/x/cc-fu/sorting.
debug: Resolve cce:/internal/x/cc-fu/ui from cce:/internal/x/cc as external dependency cce:/internal/x/cc-fu/ui.
debug: Resolve cce:/internal/x/cc-fu/particle from cce:/internal/x/cc as external dependency cce:/internal/x/cc-fu/particle.
debug: Resolve cce:/internal/x/cc-fu/particle-2d from cce:/internal/x/cc as external dependency cce:/internal/x/cc-fu/particle-2d.
debug: Resolve cce:/internal/x/cc-fu/physics-framework from cce:/internal/x/cc as external dependency cce:/internal/x/cc-fu/physics-framework.
debug: Resolve cce:/internal/x/cc-fu/physics-2d-framework from cce:/internal/x/cc as external dependency cce:/internal/x/cc-fu/physics-2d-framework.
debug: Resolve cce:/internal/x/cc-fu/intersection-2d from cce:/internal/x/cc as external dependency cce:/internal/x/cc-fu/intersection-2d.
debug: Resolve cce:/internal/x/cc-fu/primitive from cce:/internal/x/cc as external dependency cce:/internal/x/cc-fu/primitive.
debug: Resolve cce:/internal/x/cc-fu/profiler from cce:/internal/x/cc as external dependency cce:/internal/x/cc-fu/profiler.
debug: Resolve cce:/internal/x/cc-fu/geometry-renderer from cce:/internal/x/cc as external dependency cce:/internal/x/cc-fu/geometry-renderer.
debug: Resolve cce:/internal/x/cc-fu/audio from cce:/internal/x/cc as external dependency cce:/internal/x/cc-fu/audio.
debug: Resolve cce:/internal/x/cc-fu/video from cce:/internal/x/cc as external dependency cce:/internal/x/cc-fu/video.
debug: Resolve cce:/internal/x/cc-fu/xr from cce:/internal/x/cc as external dependency cce:/internal/x/cc-fu/xr.
debug: Resolve cce:/internal/x/cc-fu/light-probe from cce:/internal/x/cc as external dependency cce:/internal/x/cc-fu/light-probe.
debug: Resolve cce:/internal/x/cc-fu/terrain from cce:/internal/x/cc as external dependency cce:/internal/x/cc-fu/terrain.
debug: Resolve cce:/internal/x/cc-fu/webview from cce:/internal/x/cc as external dependency cce:/internal/x/cc-fu/webview.
debug: Resolve cce:/internal/x/cc-fu/tween from cce:/internal/x/cc as external dependency cce:/internal/x/cc-fu/tween.
debug: Resolve cce:/internal/x/cc-fu/tiled-map from cce:/internal/x/cc as external dependency cce:/internal/x/cc-fu/tiled-map.
debug: Resolve cce:/internal/x/cc-fu/spine from cce:/internal/x/cc as external dependency cce:/internal/x/cc-fu/spine.
debug: Resolve cce:/internal/x/cc-fu/dragon-bones from cce:/internal/x/cc as external dependency cce:/internal/x/cc-fu/dragon-bones.
debug: Resolve cce:/internal/x/cc-fu/custom-pipeline from cce:/internal/x/cc as external dependency cce:/internal/x/cc-fu/custom-pipeline.
debug: Inspect cce:/internal/x/prerequisite-imports
debug: Resolve file:///D:/Documents/2d-game-cocos-creator-v.3-main/2d-game-cocos-creator-v.3-main/assets/character/player.ts from cce:/internal/x/prerequisite-imports as file:///D:/Documents/2d-game-cocos-creator-v.3-main/2d-game-cocos-creator-v.3-main/assets/character/player.ts.
debug: Inspect file:///D:/Documents/2d-game-cocos-creator-v.3-main/2d-game-cocos-creator-v.3-main/assets/character/player.ts
debug: Resolve cc from file:///D:/Documents/2d-game-cocos-creator-v.3-main/2d-game-cocos-creator-v.3-main/assets/character/player.ts as cce:/internal/x/cc.
debug: Resolve cc from file:///D:/Documents/2d-game-cocos-creator-v.3-main/2d-game-cocos-creator-v.3-main/assets/character/player.ts as cce:/internal/x/cc.
debug: Resolve cc from file:///D:/Documents/2d-game-cocos-creator-v.3-main/2d-game-cocos-creator-v.3-main/assets/character/player.ts as cce:/internal/x/cc.
debug: Resolve file:///D:/Documents/2d-game-cocos-creator-v.3-main/2d-game-cocos-creator-v.3-main/assets/star/star.ts from cce:/internal/x/prerequisite-imports as file:///D:/Documents/2d-game-cocos-creator-v.3-main/2d-game-cocos-creator-v.3-main/assets/star/star.ts.
debug: Inspect file:///D:/Documents/2d-game-cocos-creator-v.3-main/2d-game-cocos-creator-v.3-main/assets/star/star.ts
debug: Resolve cc from file:///D:/Documents/2d-game-cocos-creator-v.3-main/2d-game-cocos-creator-v.3-main/assets/star/star.ts as cce:/internal/x/cc.
debug: Resolve cc from file:///D:/Documents/2d-game-cocos-creator-v.3-main/2d-game-cocos-creator-v.3-main/assets/star/star.ts as cce:/internal/x/cc.
debug: Resolve cc from file:///D:/Documents/2d-game-cocos-creator-v.3-main/2d-game-cocos-creator-v.3-main/assets/star/star.ts as cce:/internal/x/cc.
debug: Target(editor) ends with cost 666.2431000000797ms.
debug: Target(preview) build started.
debug: Inspect cce:/internal/x/cc
debug: Resolve cce:/internal/x/cc-fu/2d from cce:/internal/x/cc as external dependency cce:/internal/x/cc-fu/2d.
debug: Resolve cce:/internal/x/cc-fu/sorting from cce:/internal/x/cc as external dependency cce:/internal/x/cc-fu/sorting.
debug: Resolve cce:/internal/x/cc-fu/3d from cce:/internal/x/cc as external dependency cce:/internal/x/cc-fu/3d.
debug: Resolve cce:/internal/x/cc-fu/animation from cce:/internal/x/cc as external dependency cce:/internal/x/cc-fu/animation.
debug: Resolve cce:/internal/x/cc-fu/audio from cce:/internal/x/cc as external dependency cce:/internal/x/cc-fu/audio.
debug: Resolve cce:/internal/x/cc-fu/base from cce:/internal/x/cc as external dependency cce:/internal/x/cc-fu/base.
debug: Resolve cce:/internal/x/cc-fu/dragon-bones from cce:/internal/x/cc as external dependency cce:/internal/x/cc-fu/dragon-bones.
debug: Resolve cce:/internal/x/cc-fu/gfx-webgl from cce:/internal/x/cc as external dependency cce:/internal/x/cc-fu/gfx-webgl.
debug: Resolve cce:/internal/x/cc-fu/gfx-webgl2 from cce:/internal/x/cc as external dependency cce:/internal/x/cc-fu/gfx-webgl2.
debug: Resolve cce:/internal/x/cc-fu/intersection-2d from cce:/internal/x/cc as external dependency cce:/internal/x/cc-fu/intersection-2d.
debug: Resolve cce:/internal/x/cc-fu/light-probe from cce:/internal/x/cc as external dependency cce:/internal/x/cc-fu/light-probe.
debug: Resolve cce:/internal/x/cc-fu/particle from cce:/internal/x/cc as external dependency cce:/internal/x/cc-fu/particle.
debug: Resolve cce:/internal/x/cc-fu/particle-2d from cce:/internal/x/cc as external dependency cce:/internal/x/cc-fu/particle-2d.
debug: Resolve cce:/internal/x/cc-fu/physics-2d-box2d from cce:/internal/x/cc as external dependency cce:/internal/x/cc-fu/physics-2d-box2d.
debug: Resolve cce:/internal/x/cc-fu/physics-2d-framework from cce:/internal/x/cc as external dependency cce:/internal/x/cc-fu/physics-2d-framework.
debug: Resolve cce:/internal/x/cc-fu/physics-ammo from cce:/internal/x/cc as external dependency cce:/internal/x/cc-fu/physics-ammo.
debug: Resolve cce:/internal/x/cc-fu/physics-framework from cce:/internal/x/cc as external dependency cce:/internal/x/cc-fu/physics-framework.
debug: Resolve cce:/internal/x/cc-fu/wait-for-ammo-instantiation from cce:/internal/x/cc as external dependency cce:/internal/x/cc-fu/wait-for-ammo-instantiation.
debug: Resolve cce:/internal/x/cc-fu/primitive from cce:/internal/x/cc as external dependency cce:/internal/x/cc-fu/primitive.
debug: Resolve cce:/internal/x/cc-fu/profiler from cce:/internal/x/cc as external dependency cce:/internal/x/cc-fu/profiler.
debug: Resolve cce:/internal/x/cc-fu/skeletal-animation from cce:/internal/x/cc as external dependency cce:/internal/x/cc-fu/skeletal-animation.
debug: Resolve cce:/internal/x/cc-fu/spine from cce:/internal/x/cc as external dependency cce:/internal/x/cc-fu/spine.
debug: Resolve cce:/internal/x/cc-fu/terrain from cce:/internal/x/cc as external dependency cce:/internal/x/cc-fu/terrain.
debug: Resolve cce:/internal/x/cc-fu/tiled-map from cce:/internal/x/cc as external dependency cce:/internal/x/cc-fu/tiled-map.
debug: Resolve cce:/internal/x/cc-fu/tween from cce:/internal/x/cc as external dependency cce:/internal/x/cc-fu/tween.
debug: Resolve cce:/internal/x/cc-fu/ui from cce:/internal/x/cc as external dependency cce:/internal/x/cc-fu/ui.
debug: Resolve cce:/internal/x/cc-fu/video from cce:/internal/x/cc as external dependency cce:/internal/x/cc-fu/video.
debug: Resolve cce:/internal/x/cc-fu/webview from cce:/internal/x/cc as external dependency cce:/internal/x/cc-fu/webview.
debug: Inspect cce:/internal/x/prerequisite-imports
debug: Resolve file:///D:/Documents/2d-game-cocos-creator-v.3-main/2d-game-cocos-creator-v.3-main/assets/character/player.ts from cce:/internal/x/prerequisite-imports as file:///D:/Documents/2d-game-cocos-creator-v.3-main/2d-game-cocos-creator-v.3-main/assets/character/player.ts.
debug: Inspect file:///D:/Documents/2d-game-cocos-creator-v.3-main/2d-game-cocos-creator-v.3-main/assets/character/player.ts
debug: Resolve cc from file:///D:/Documents/2d-game-cocos-creator-v.3-main/2d-game-cocos-creator-v.3-main/assets/character/player.ts as cce:/internal/x/cc.
debug: Resolve cc from file:///D:/Documents/2d-game-cocos-creator-v.3-main/2d-game-cocos-creator-v.3-main/assets/character/player.ts as cce:/internal/x/cc.
debug: Resolve cc from file:///D:/Documents/2d-game-cocos-creator-v.3-main/2d-game-cocos-creator-v.3-main/assets/character/player.ts as cce:/internal/x/cc.
debug: Resolve file:///D:/Documents/2d-game-cocos-creator-v.3-main/2d-game-cocos-creator-v.3-main/assets/star/star.ts from cce:/internal/x/prerequisite-imports as file:///D:/Documents/2d-game-cocos-creator-v.3-main/2d-game-cocos-creator-v.3-main/assets/star/star.ts.
debug: Inspect file:///D:/Documents/2d-game-cocos-creator-v.3-main/2d-game-cocos-creator-v.3-main/assets/star/star.ts
debug: Resolve cc from file:///D:/Documents/2d-game-cocos-creator-v.3-main/2d-game-cocos-creator-v.3-main/assets/star/star.ts as cce:/internal/x/cc.
debug: Resolve cc from file:///D:/Documents/2d-game-cocos-creator-v.3-main/2d-game-cocos-creator-v.3-main/assets/star/star.ts as cce:/internal/x/cc.
debug: Resolve cc from file:///D:/Documents/2d-game-cocos-creator-v.3-main/2d-game-cocos-creator-v.3-main/assets/star/star.ts as cce:/internal/x/cc.
debug: Target(preview) ends with cost 548.2619000000414ms.
debug: Pulling asset-db.
debug: Fetch asset-db cost: 6123.3283999999985ms.
debug: Build iteration starts.
Number of accumulated asset changes: 2
Feature changed: false
debug: Target(editor) build started.
debug: Detected change: cce:/internal/x/prerequisite-imports. Last mtime: Thu Jan 01 1970 03:00:34 GMT+0300 (Moscow Standard Time), Current mtime: Thu Jan 01 1970 03:00:55 GMT+0300 (Moscow Standard Time)
debug: Inspect cce:/internal/x/prerequisite-imports
debug: Resolve file:///D:/Documents/2d-game-cocos-creator-v.3-main/2d-game-cocos-creator-v.3-main/assets/character/player.ts from cce:/internal/x/prerequisite-imports as file:///D:/Documents/2d-game-cocos-creator-v.3-main/2d-game-cocos-creator-v.3-main/assets/character/player.ts.
debug: Resolve file:///D:/Documents/2d-game-cocos-creator-v.3-main/2d-game-cocos-creator-v.3-main/assets/star/star.ts from cce:/internal/x/prerequisite-imports as file:///D:/Documents/2d-game-cocos-creator-v.3-main/2d-game-cocos-creator-v.3-main/assets/star/star.ts.
debug: Target(editor) ends with cost 129.1086999999825ms.
debug: Target(preview) build started.
debug: Detected change: cce:/internal/x/prerequisite-imports. Last mtime: Thu Jan 01 1970 03:00:35 GMT+0300 (Moscow Standard Time), Current mtime: Thu Jan 01 1970 03:00:55 GMT+0300 (Moscow Standard Time)
debug: Inspect cce:/internal/x/prerequisite-imports
debug: Resolve file:///D:/Documents/2d-game-cocos-creator-v.3-main/2d-game-cocos-creator-v.3-main/assets/character/player.ts from cce:/internal/x/prerequisite-imports as file:///D:/Documents/2d-game-cocos-creator-v.3-main/2d-game-cocos-creator-v.3-main/assets/character/player.ts.
debug: Resolve file:///D:/Documents/2d-game-cocos-creator-v.3-main/2d-game-cocos-creator-v.3-main/assets/star/star.ts from cce:/internal/x/prerequisite-imports as file:///D:/Documents/2d-game-cocos-creator-v.3-main/2d-game-cocos-creator-v.3-main/assets/star/star.ts.
debug: Target(preview) ends with cost 112.16790000000037ms.
debug: Dispatch build request for time accumulated 1 asset changes.
debug: Build iteration starts.
Number of accumulated asset changes: 1
Feature changed: false
debug: Target(editor) build started.
debug: Detected change: cce:/internal/x/prerequisite-imports. Last mtime: Thu Jan 01 1970 03:00:55 GMT+0300 (Moscow Standard Time), Current mtime: Thu Jan 01 1970 03:05:42 GMT+0300 (Moscow Standard Time)
debug: Inspect cce:/internal/x/prerequisite-imports
debug: Resolve file:///D:/Documents/2d-game-cocos-creator-v.3-main/2d-game-cocos-creator-v.3-main/assets/character/player.ts from cce:/internal/x/prerequisite-imports as file:///D:/Documents/2d-game-cocos-creator-v.3-main/2d-game-cocos-creator-v.3-main/assets/character/player.ts.
debug: Detected change: file:///D:/Documents/2d-game-cocos-creator-v.3-main/2d-game-cocos-creator-v.3-main/assets/character/player.ts. Last mtime: Sun Jul 11 2021 10:24:59 GMT+0300 (Moscow Standard Time)@963218c5-67a7-45c2-9613-bbd6219135fd, Current mtime: Sun Mar 05 2023 17:22:01 GMT+0300 (Moscow Standard Time)@963218c5-67a7-45c2-9613-bbd6219135fd
debug: Inspect file:///D:/Documents/2d-game-cocos-creator-v.3-main/2d-game-cocos-creator-v.3-main/assets/character/player.ts
debug: Resolve cc from file:///D:/Documents/2d-game-cocos-creator-v.3-main/2d-game-cocos-creator-v.3-main/assets/character/player.ts as cce:/internal/x/cc.
debug: Resolve cc from file:///D:/Documents/2d-game-cocos-creator-v.3-main/2d-game-cocos-creator-v.3-main/assets/character/player.ts as cce:/internal/x/cc.
debug: Resolve cc from file:///D:/Documents/2d-game-cocos-creator-v.3-main/2d-game-cocos-creator-v.3-main/assets/character/player.ts as cce:/internal/x/cc.
debug: Resolve file:///D:/Documents/2d-game-cocos-creator-v.3-main/2d-game-cocos-creator-v.3-main/assets/star/star.ts from cce:/internal/x/prerequisite-imports as file:///D:/Documents/2d-game-cocos-creator-v.3-main/2d-game-cocos-creator-v.3-main/assets/star/star.ts.
debug: Target(editor) ends with cost 301.0452000000514ms.
debug: Target(preview) build started.
debug: Detected change: cce:/internal/x/prerequisite-imports. Last mtime: Thu Jan 01 1970 03:00:55 GMT+0300 (Moscow Standard Time), Current mtime: Thu Jan 01 1970 03:05:42 GMT+0300 (Moscow Standard Time)
debug: Inspect cce:/internal/x/prerequisite-imports
debug: Resolve file:///D:/Documents/2d-game-cocos-creator-v.3-main/2d-game-cocos-creator-v.3-main/assets/character/player.ts from cce:/internal/x/prerequisite-imports as file:///D:/Documents/2d-game-cocos-creator-v.3-main/2d-game-cocos-creator-v.3-main/assets/character/player.ts.
debug: Detected change: file:///D:/Documents/2d-game-cocos-creator-v.3-main/2d-game-cocos-creator-v.3-main/assets/character/player.ts. Last mtime: Sun Jul 11 2021 10:24:59 GMT+0300 (Moscow Standard Time)@963218c5-67a7-45c2-9613-bbd6219135fd, Current mtime: Sun Mar 05 2023 17:22:01 GMT+0300 (Moscow Standard Time)@963218c5-67a7-45c2-9613-bbd6219135fd
debug: Inspect file:///D:/Documents/2d-game-cocos-creator-v.3-main/2d-game-cocos-creator-v.3-main/assets/character/player.ts
debug: Resolve cc from file:///D:/Documents/2d-game-cocos-creator-v.3-main/2d-game-cocos-creator-v.3-main/assets/character/player.ts as cce:/internal/x/cc.
debug: Resolve cc from file:///D:/Documents/2d-game-cocos-creator-v.3-main/2d-game-cocos-creator-v.3-main/assets/character/player.ts as cce:/internal/x/cc.
debug: Resolve cc from file:///D:/Documents/2d-game-cocos-creator-v.3-main/2d-game-cocos-creator-v.3-main/assets/character/player.ts as cce:/internal/x/cc.
debug: Resolve file:///D:/Documents/2d-game-cocos-creator-v.3-main/2d-game-cocos-creator-v.3-main/assets/star/star.ts from cce:/internal/x/prerequisite-imports as file:///D:/Documents/2d-game-cocos-creator-v.3-main/2d-game-cocos-creator-v.3-main/assets/star/star.ts.
debug: Target(preview) ends with cost 427.73989999992773ms.
debug: Dispatch build request for time accumulated 2 asset changes.
debug: Build iteration starts.
Number of accumulated asset changes: 2
Feature changed: false
debug: Target(editor) build started.
debug: Detected change: cce:/internal/x/prerequisite-imports. Last mtime: Thu Jan 01 1970 03:05:42 GMT+0300 (Moscow Standard Time), Current mtime: Thu Jan 01 1970 03:10:17 GMT+0300 (Moscow Standard Time)
debug: Inspect cce:/internal/x/prerequisite-imports
debug: Resolve file:///D:/Documents/2d-game-cocos-creator-v.3-main/2d-game-cocos-creator-v.3-main/assets/character/player.ts from cce:/internal/x/prerequisite-imports as file:///D:/Documents/2d-game-cocos-creator-v.3-main/2d-game-cocos-creator-v.3-main/assets/character/player.ts.
debug: Detected change: file:///D:/Documents/2d-game-cocos-creator-v.3-main/2d-game-cocos-creator-v.3-main/assets/character/player.ts. Last mtime: Sun Mar 05 2023 17:22:01 GMT+0300 (Moscow Standard Time)@963218c5-67a7-45c2-9613-bbd6219135fd, Current mtime: Sun Mar 05 2023 17:26:27 GMT+0300 (Moscow Standard Time)@963218c5-67a7-45c2-9613-bbd6219135fd
debug: Inspect file:///D:/Documents/2d-game-cocos-creator-v.3-main/2d-game-cocos-creator-v.3-main/assets/character/player.ts
debug: Resolve cc from file:///D:/Documents/2d-game-cocos-creator-v.3-main/2d-game-cocos-creator-v.3-main/assets/character/player.ts as cce:/internal/x/cc.
debug: Resolve cc from file:///D:/Documents/2d-game-cocos-creator-v.3-main/2d-game-cocos-creator-v.3-main/assets/character/player.ts as cce:/internal/x/cc.
debug: Resolve cc from file:///D:/Documents/2d-game-cocos-creator-v.3-main/2d-game-cocos-creator-v.3-main/assets/character/player.ts as cce:/internal/x/cc.
debug: Resolve file:///D:/Documents/2d-game-cocos-creator-v.3-main/2d-game-cocos-creator-v.3-main/assets/star/star.ts from cce:/internal/x/prerequisite-imports as file:///D:/Documents/2d-game-cocos-creator-v.3-main/2d-game-cocos-creator-v.3-main/assets/star/star.ts.
debug: Detected change: file:///D:/Documents/2d-game-cocos-creator-v.3-main/2d-game-cocos-creator-v.3-main/assets/star/star.ts. Last mtime: Sun Jul 11 2021 10:24:59 GMT+0300 (Moscow Standard Time)@a2d41e11-5136-4182-b94d-b8732fdfd630, Current mtime: Sun Mar 05 2023 17:26:42 GMT+0300 (Moscow Standard Time)@a2d41e11-5136-4182-b94d-b8732fdfd630
debug: Inspect file:///D:/Documents/2d-game-cocos-creator-v.3-main/2d-game-cocos-creator-v.3-main/assets/star/star.ts
debug: Resolve cc from file:///D:/Documents/2d-game-cocos-creator-v.3-main/2d-game-cocos-creator-v.3-main/assets/star/star.ts as cce:/internal/x/cc.
debug: Resolve cc from file:///D:/Documents/2d-game-cocos-creator-v.3-main/2d-game-cocos-creator-v.3-main/assets/star/star.ts as cce:/internal/x/cc.
debug: Resolve cc from file:///D:/Documents/2d-game-cocos-creator-v.3-main/2d-game-cocos-creator-v.3-main/assets/star/star.ts as cce:/internal/x/cc.
debug: Target(editor) ends with cost 336.9915000000037ms.
debug: Target(preview) build started.
debug: Detected change: cce:/internal/x/prerequisite-imports. Last mtime: Thu Jan 01 1970 03:05:42 GMT+0300 (Moscow Standard Time), Current mtime: Thu Jan 01 1970 03:10:18 GMT+0300 (Moscow Standard Time)
debug: Inspect cce:/internal/x/prerequisite-imports
debug: Resolve file:///D:/Documents/2d-game-cocos-creator-v.3-main/2d-game-cocos-creator-v.3-main/assets/character/player.ts from cce:/internal/x/prerequisite-imports as file:///D:/Documents/2d-game-cocos-creator-v.3-main/2d-game-cocos-creator-v.3-main/assets/character/player.ts.
debug: Detected change: file:///D:/Documents/2d-game-cocos-creator-v.3-main/2d-game-cocos-creator-v.3-main/assets/character/player.ts. Last mtime: Sun Mar 05 2023 17:22:01 GMT+0300 (Moscow Standard Time)@963218c5-67a7-45c2-9613-bbd6219135fd, Current mtime: Sun Mar 05 2023 17:26:27 GMT+0300 (Moscow Standard Time)@963218c5-67a7-45c2-9613-bbd6219135fd
debug: Inspect file:///D:/Documents/2d-game-cocos-creator-v.3-main/2d-game-cocos-creator-v.3-main/assets/character/player.ts
debug: Resolve cc from file:///D:/Documents/2d-game-cocos-creator-v.3-main/2d-game-cocos-creator-v.3-main/assets/character/player.ts as cce:/internal/x/cc.
debug: Resolve cc from file:///D:/Documents/2d-game-cocos-creator-v.3-main/2d-game-cocos-creator-v.3-main/assets/character/player.ts as cce:/internal/x/cc.
debug: Resolve cc from file:///D:/Documents/2d-game-cocos-creator-v.3-main/2d-game-cocos-creator-v.3-main/assets/character/player.ts as cce:/internal/x/cc.
debug: Resolve file:///D:/Documents/2d-game-cocos-creator-v.3-main/2d-game-cocos-creator-v.3-main/assets/star/star.ts from cce:/internal/x/prerequisite-imports as file:///D:/Documents/2d-game-cocos-creator-v.3-main/2d-game-cocos-creator-v.3-main/assets/star/star.ts.
debug: Detected change: file:///D:/Documents/2d-game-cocos-creator-v.3-main/2d-game-cocos-creator-v.3-main/assets/star/star.ts. Last mtime: Sun Jul 11 2021 10:24:59 GMT+0300 (Moscow Standard Time)@a2d41e11-5136-4182-b94d-b8732fdfd630, Current mtime: Sun Mar 05 2023 17:26:42 GMT+0300 (Moscow Standard Time)@a2d41e11-5136-4182-b94d-b8732fdfd630
debug: Inspect file:///D:/Documents/2d-game-cocos-creator-v.3-main/2d-game-cocos-creator-v.3-main/assets/star/star.ts
debug: Resolve cc from file:///D:/Documents/2d-game-cocos-creator-v.3-main/2d-game-cocos-creator-v.3-main/assets/star/star.ts as cce:/internal/x/cc.
debug: Resolve cc from file:///D:/Documents/2d-game-cocos-creator-v.3-main/2d-game-cocos-creator-v.3-main/assets/star/star.ts as cce:/internal/x/cc.
debug: Resolve cc from file:///D:/Documents/2d-game-cocos-creator-v.3-main/2d-game-cocos-creator-v.3-main/assets/star/star.ts as cce:/internal/x/cc.
debug: Target(preview) ends with cost 440.2966999998316ms.
debug: Dispatch build request for time accumulated 1 asset changes.
debug: Build iteration starts.
Number of accumulated asset changes: 1
Feature changed: false
debug: Target(editor) build started.
debug: Detected change: cce:/internal/x/prerequisite-imports. Last mtime: Thu Jan 01 1970 03:10:17 GMT+0300 (Moscow Standard Time), Current mtime: Thu Jan 01 1970 03:11:02 GMT+0300 (Moscow Standard Time)
debug: Inspect cce:/internal/x/prerequisite-imports
debug: Resolve file:///D:/Documents/2d-game-cocos-creator-v.3-main/2d-game-cocos-creator-v.3-main/assets/character/player.ts from cce:/internal/x/prerequisite-imports as file:///D:/Documents/2d-game-cocos-creator-v.3-main/2d-game-cocos-creator-v.3-main/assets/character/player.ts.
debug: Detected change: file:///D:/Documents/2d-game-cocos-creator-v.3-main/2d-game-cocos-creator-v.3-main/assets/character/player.ts. Last mtime: Sun Mar 05 2023 17:26:27 GMT+0300 (Moscow Standard Time)@963218c5-67a7-45c2-9613-bbd6219135fd, Current mtime: Sun Mar 05 2023 17:27:27 GMT+0300 (Moscow Standard Time)@963218c5-67a7-45c2-9613-bbd6219135fd
debug: Inspect file:///D:/Documents/2d-game-cocos-creator-v.3-main/2d-game-cocos-creator-v.3-main/assets/character/player.ts
debug: Resolve cce:/internal/code-quality/cr.mjs from file:///D:/Documents/2d-game-cocos-creator-v.3-main/2d-game-cocos-creator-v.3-main/assets/character/player.ts as cce:/internal/code-quality/cr.mjs.
debug: Inspect cce:/internal/code-quality/cr.mjs
debug: Resolve cc from file:///D:/Documents/2d-game-cocos-creator-v.3-main/2d-game-cocos-creator-v.3-main/assets/character/player.ts as cce:/internal/x/cc.
debug: Resolve cc from file:///D:/Documents/2d-game-cocos-creator-v.3-main/2d-game-cocos-creator-v.3-main/assets/character/player.ts as cce:/internal/x/cc.
debug: Resolve cc from file:///D:/Documents/2d-game-cocos-creator-v.3-main/2d-game-cocos-creator-v.3-main/assets/character/player.ts as cce:/internal/x/cc.
debug: Create cjs interop url for 'file:///D:/Documents/2d-game-cocos-creator-v.3-main/2d-game-cocos-creator-v.3-main/node_modules/@vkontakte/vk-bridge/dist/index.js'
debug: Resolve @vkontakte/vk-bridge from file:///D:/Documents/2d-game-cocos-creator-v.3-main/2d-game-cocos-creator-v.3-main/assets/character/player.ts as file:///D:/Documents/2d-game-cocos-creator-v.3-main/2d-game-cocos-creator-v.3-main/node_modules/@vkontakte/vk-bridge/dist/index.mjs?cjs=&original=.js.
debug: Inspect file:///D:/Documents/2d-game-cocos-creator-v.3-main/2d-game-cocos-creator-v.3-main/node_modules/@vkontakte/vk-bridge/dist/index.mjs?cjs=&original=.js
debug: Resolve ./index.js from file:///D:/Documents/2d-game-cocos-creator-v.3-main/2d-game-cocos-creator-v.3-main/node_modules/@vkontakte/vk-bridge/dist/index.mjs?cjs=&original=.js as file:///D:/Documents/2d-game-cocos-creator-v.3-main/2d-game-cocos-creator-v.3-main/node_modules/@vkontakte/vk-bridge/dist/index.js.
debug: Inspect file:///D:/Documents/2d-game-cocos-creator-v.3-main/2d-game-cocos-creator-v.3-main/node_modules/@vkontakte/vk-bridge/dist/index.js
debug: Resolve cce:/internal/ml/cjs-loader.mjs from file:///D:/Documents/2d-game-cocos-creator-v.3-main/2d-game-cocos-creator-v.3-main/node_modules/@vkontakte/vk-bridge/dist/index.js as cce:/internal/ml/cjs-loader.mjs.
debug: Inspect cce:/internal/ml/cjs-loader.mjs
debug: Resolve cce:/internal/ml/cjs-loader.mjs from file:///D:/Documents/2d-game-cocos-creator-v.3-main/2d-game-cocos-creator-v.3-main/node_modules/@vkontakte/vk-bridge/dist/index.mjs?cjs=&original=.js as cce:/internal/ml/cjs-loader.mjs.
debug: Resolve ./index.js from file:///D:/Documents/2d-game-cocos-creator-v.3-main/2d-game-cocos-creator-v.3-main/node_modules/@vkontakte/vk-bridge/dist/index.mjs?cjs=&original=.js as file:///D:/Documents/2d-game-cocos-creator-v.3-main/2d-game-cocos-creator-v.3-main/node_modules/@vkontakte/vk-bridge/dist/index.js.
debug: Resolve ./index.js from file:///D:/Documents/2d-game-cocos-creator-v.3-main/2d-game-cocos-creator-v.3-main/node_modules/@vkontakte/vk-bridge/dist/index.mjs?cjs=&original=.js as file:///D:/Documents/2d-game-cocos-creator-v.3-main/2d-game-cocos-creator-v.3-main/node_modules/@vkontakte/vk-bridge/dist/index.js.
debug: Resolve file:///D:/Documents/2d-game-cocos-creator-v.3-main/2d-game-cocos-creator-v.3-main/assets/star/star.ts from cce:/internal/x/prerequisite-imports as file:///D:/Documents/2d-game-cocos-creator-v.3-main/2d-game-cocos-creator-v.3-main/assets/star/star.ts.
debug: Target(editor) ends with cost 1515.0411000000313ms.
debug: Target(preview) build started.
debug: Detected change: cce:/internal/x/prerequisite-imports. Last mtime: Thu Jan 01 1970 03:10:18 GMT+0300 (Moscow Standard Time), Current mtime: Thu Jan 01 1970 03:11:04 GMT+0300 (Moscow Standard Time)
debug: Inspect cce:/internal/x/prerequisite-imports
debug: Resolve file:///D:/Documents/2d-game-cocos-creator-v.3-main/2d-game-cocos-creator-v.3-main/assets/character/player.ts from cce:/internal/x/prerequisite-imports as file:///D:/Documents/2d-game-cocos-creator-v.3-main/2d-game-cocos-creator-v.3-main/assets/character/player.ts.
debug: Detected change: file:///D:/Documents/2d-game-cocos-creator-v.3-main/2d-game-cocos-creator-v.3-main/assets/character/player.ts. Last mtime: Sun Mar 05 2023 17:26:27 GMT+0300 (Moscow Standard Time)@963218c5-67a7-45c2-9613-bbd6219135fd, Current mtime: Sun Mar 05 2023 17:27:27 GMT+0300 (Moscow Standard Time)@963218c5-67a7-45c2-9613-bbd6219135fd
debug: Inspect file:///D:/Documents/2d-game-cocos-creator-v.3-main/2d-game-cocos-creator-v.3-main/assets/character/player.ts
debug: Resolve cce:/internal/code-quality/cr.mjs from file:///D:/Documents/2d-game-cocos-creator-v.3-main/2d-game-cocos-creator-v.3-main/assets/character/player.ts as cce:/internal/code-quality/cr.mjs.
debug: Inspect cce:/internal/code-quality/cr.mjs
debug: Resolve cc from file:///D:/Documents/2d-game-cocos-creator-v.3-main/2d-game-cocos-creator-v.3-main/assets/character/player.ts as cce:/internal/x/cc.
debug: Resolve cc from file:///D:/Documents/2d-game-cocos-creator-v.3-main/2d-game-cocos-creator-v.3-main/assets/character/player.ts as cce:/internal/x/cc.
debug: Resolve cc from file:///D:/Documents/2d-game-cocos-creator-v.3-main/2d-game-cocos-creator-v.3-main/assets/character/player.ts as cce:/internal/x/cc.
debug: Create cjs interop url for 'file:///D:/Documents/2d-game-cocos-creator-v.3-main/2d-game-cocos-creator-v.3-main/node_modules/@vkontakte/vk-bridge/dist/index.js'
debug: Resolve @vkontakte/vk-bridge from file:///D:/Documents/2d-game-cocos-creator-v.3-main/2d-game-cocos-creator-v.3-main/assets/character/player.ts as file:///D:/Documents/2d-game-cocos-creator-v.3-main/2d-game-cocos-creator-v.3-main/node_modules/@vkontakte/vk-bridge/dist/index.mjs?cjs=&original=.js.
debug: Inspect file:///D:/Documents/2d-game-cocos-creator-v.3-main/2d-game-cocos-creator-v.3-main/node_modules/@vkontakte/vk-bridge/dist/index.mjs?cjs=&original=.js
debug: Resolve ./index.js from file:///D:/Documents/2d-game-cocos-creator-v.3-main/2d-game-cocos-creator-v.3-main/node_modules/@vkontakte/vk-bridge/dist/index.mjs?cjs=&original=.js as file:///D:/Documents/2d-game-cocos-creator-v.3-main/2d-game-cocos-creator-v.3-main/node_modules/@vkontakte/vk-bridge/dist/index.js.
debug: Inspect file:///D:/Documents/2d-game-cocos-creator-v.3-main/2d-game-cocos-creator-v.3-main/node_modules/@vkontakte/vk-bridge/dist/index.js
debug: Resolve cce:/internal/ml/cjs-loader.mjs from file:///D:/Documents/2d-game-cocos-creator-v.3-main/2d-game-cocos-creator-v.3-main/node_modules/@vkontakte/vk-bridge/dist/index.js as cce:/internal/ml/cjs-loader.mjs.
debug: Inspect cce:/internal/ml/cjs-loader.mjs
debug: Resolve cce:/internal/ml/cjs-loader.mjs from file:///D:/Documents/2d-game-cocos-creator-v.3-main/2d-game-cocos-creator-v.3-main/node_modules/@vkontakte/vk-bridge/dist/index.mjs?cjs=&original=.js as cce:/internal/ml/cjs-loader.mjs.
debug: Resolve ./index.js from file:///D:/Documents/2d-game-cocos-creator-v.3-main/2d-game-cocos-creator-v.3-main/node_modules/@vkontakte/vk-bridge/dist/index.mjs?cjs=&original=.js as file:///D:/Documents/2d-game-cocos-creator-v.3-main/2d-game-cocos-creator-v.3-main/node_modules/@vkontakte/vk-bridge/dist/index.js.
debug: Resolve ./index.js from file:///D:/Documents/2d-game-cocos-creator-v.3-main/2d-game-cocos-creator-v.3-main/node_modules/@vkontakte/vk-bridge/dist/index.mjs?cjs=&original=.js as file:///D:/Documents/2d-game-cocos-creator-v.3-main/2d-game-cocos-creator-v.3-main/node_modules/@vkontakte/vk-bridge/dist/index.js.
debug: Resolve file:///D:/Documents/2d-game-cocos-creator-v.3-main/2d-game-cocos-creator-v.3-main/assets/star/star.ts from cce:/internal/x/prerequisite-imports as file:///D:/Documents/2d-game-cocos-creator-v.3-main/2d-game-cocos-creator-v.3-main/assets/star/star.ts.
debug: Target(preview) ends with cost 1081.0405999999493ms.
